<?xml version="1.0" encoding="UTF-8"?>
<!-- Generated by org.testng.reporters.JUnitXMLReporter -->
<testsuite hostname="Dell" ignored="0" name="chromeTest" tests="7" failures="1" timestamp="2022-04-15T12:25:30 IST" time="38.586" errors="0">
  <testcase name="visibleUsertab" time="0.14" classname="com.orangehrm.TestClasses.Tc01loginfuctionality"/>
  <testcase name="visiblepasswordtab" time="0.037" classname="com.orangehrm.TestClasses.Tc01loginfuctionality"/>
  <testcase name="visibleLoginTab" time="0.032" classname="com.orangehrm.TestClasses.Tc01loginfuctionality"/>
  <testcase name="visibleForgotTab" time="0.032" classname="com.orangehrm.TestClasses.Tc01loginfuctionality"/>
  <testcase name="visibleOrangHRMTab" time="0.037" classname="com.orangehrm.TestClasses.Tc01loginfuctionality"/>
  <testcase name="forgotpassClickabl" time="1.031" classname="com.orangehrm.TestClasses.Tc01loginfuctionality"/>
  <testcase name="logiFunctionality" time="8.376" classname="com.orangehrm.TestClasses.Tc01loginfuctionality">
    <failure type="java.io.FileNotFoundException" message="C:\Users\91848\eclipse-workspace\OrangeHRM\ScreenShot\orangeHRMFri Apr 15 12-25-29 IST 2022.jpg (The system cannot find the path specified)">
      <![CDATA[java.io.FileNotFoundException: C:\Users\91848\eclipse-workspace\OrangeHRM\ScreenShot\orangeHRMFri Apr 15 12-25-29 IST 2022.jpg (The system cannot find the path specified)
at java.io.FileOutputStream.open0(Native Method)
at java.io.FileOutputStream.open(Unknown Source)
at java.io.FileOutputStream.<init>(Unknown Source)
at java.io.FileOutputStream.<init>(Unknown Source)
at org.openqa.selenium.io.FileHandler.copyFile(FileHandler.java:136)
at org.openqa.selenium.io.FileHandler.copy(FileHandler.java:115)
at com.orangehrm.Utilityclass.ScreenShotUtility.ScreenShot(ScreenShotUtility.java:19)
at com.orangehrm.TestClasses.Tc01loginfuctionality.logiFunctionality(Tc01loginfuctionality.java:79)
at java.util.ArrayList.forEach(Unknown Source)
... Removed 27 stack frames]]>
    </failure>
  </testcase> <!-- logiFunctionality -->
</testsuite> <!-- chromeTest -->
