<?xml version="1.0" encoding="UTF-8"?>
<testng-results skipped="0" failed="2" ignored="0" total="14" passed="12">
  <reporter-output>
  </reporter-output>
  <suite name="Suite" duration-ms="82281" started-at="2022-04-15T12:24:51 IST" finished-at="2022-04-15T12:26:14 IST">
    <groups>
    </groups>
    <test name="chromeTest" duration-ms="38586" started-at="2022-04-15T12:24:51 IST" finished-at="2022-04-15T12:25:30 IST">
      <class name="com.orangehrm.TestClasses.Tc01loginfuctionality">
        <test-method status="PASS" signature="set()[pri:0, instance:com.orangehrm.TestClasses.Tc01loginfuctionality@1990a65e]" name="set" is-config="true" duration-ms="28067" started-at="2022-04-15T12:24:51 IST" finished-at="2022-04-15T12:25:19 IST">
          <reporter-output>
          </reporter-output>
        </test-method> <!-- set -->
        <test-method status="PASS" signature="visibleUsertab()[pri:1, instance:com.orangehrm.TestClasses.Tc01loginfuctionality@1990a65e]" name="visibleUsertab" duration-ms="140" started-at="2022-04-15T12:25:19 IST" finished-at="2022-04-15T12:25:20 IST">
          <reporter-output>
          </reporter-output>
        </test-method> <!-- visibleUsertab -->
        <test-method status="PASS" signature="visiblepasswordtab()[pri:2, instance:com.orangehrm.TestClasses.Tc01loginfuctionality@1990a65e]" name="visiblepasswordtab" duration-ms="37" started-at="2022-04-15T12:25:20 IST" finished-at="2022-04-15T12:25:20 IST">
          <reporter-output>
          </reporter-output>
        </test-method> <!-- visiblepasswordtab -->
        <test-method status="PASS" signature="visibleLoginTab()[pri:3, instance:com.orangehrm.TestClasses.Tc01loginfuctionality@1990a65e]" name="visibleLoginTab" duration-ms="32" started-at="2022-04-15T12:25:20 IST" finished-at="2022-04-15T12:25:20 IST">
          <reporter-output>
          </reporter-output>
        </test-method> <!-- visibleLoginTab -->
        <test-method status="PASS" signature="visibleForgotTab()[pri:4, instance:com.orangehrm.TestClasses.Tc01loginfuctionality@1990a65e]" name="visibleForgotTab" duration-ms="32" started-at="2022-04-15T12:25:20 IST" finished-at="2022-04-15T12:25:20 IST">
          <reporter-output>
          </reporter-output>
        </test-method> <!-- visibleForgotTab -->
        <test-method status="PASS" signature="visibleOrangHRMTab()[pri:5, instance:com.orangehrm.TestClasses.Tc01loginfuctionality@1990a65e]" name="visibleOrangHRMTab" duration-ms="37" started-at="2022-04-15T12:25:20 IST" finished-at="2022-04-15T12:25:20 IST">
          <reporter-output>
          </reporter-output>
        </test-method> <!-- visibleOrangHRMTab -->
        <test-method status="PASS" signature="forgotpassClickabl()[pri:6, instance:com.orangehrm.TestClasses.Tc01loginfuctionality@1990a65e]" name="forgotpassClickabl" duration-ms="1031" started-at="2022-04-15T12:25:20 IST" finished-at="2022-04-15T12:25:21 IST">
          <reporter-output>
          </reporter-output>
        </test-method> <!-- forgotpassClickabl -->
        <test-method status="FAIL" signature="logiFunctionality()[pri:7, instance:com.orangehrm.TestClasses.Tc01loginfuctionality@1990a65e]" name="logiFunctionality" duration-ms="8376" started-at="2022-04-15T12:25:21 IST" finished-at="2022-04-15T12:25:29 IST">
          <exception class="java.io.FileNotFoundException">
            <message>
              <![CDATA[C:\Users\91848\eclipse-workspace\OrangeHRM\ScreenShot\orangeHRMFri Apr 15 12-25-29 IST 2022.jpg (The system cannot find the path specified)]]>
            </message>
            <full-stacktrace>
              <![CDATA[java.io.FileNotFoundException: C:\Users\91848\eclipse-workspace\OrangeHRM\ScreenShot\orangeHRMFri Apr 15 12-25-29 IST 2022.jpg (The system cannot find the path specified)
at java.io.FileOutputStream.open0(Native Method)
at java.io.FileOutputStream.open(Unknown Source)
at java.io.FileOutputStream.<init>(Unknown Source)
at java.io.FileOutputStream.<init>(Unknown Source)
at org.openqa.selenium.io.FileHandler.copyFile(FileHandler.java:136)
at org.openqa.selenium.io.FileHandler.copy(FileHandler.java:115)
at com.orangehrm.Utilityclass.ScreenShotUtility.ScreenShot(ScreenShotUtility.java:19)
at com.orangehrm.TestClasses.Tc01loginfuctionality.logiFunctionality(Tc01loginfuctionality.java:79)
at sun.reflect.NativeMethodAccessorImpl.invoke0(Native Method)
at sun.reflect.NativeMethodAccessorImpl.invoke(Unknown Source)
at sun.reflect.DelegatingMethodAccessorImpl.invoke(Unknown Source)
at java.lang.reflect.Method.invoke(Unknown Source)
at org.testng.internal.MethodInvocationHelper.invokeMethod(MethodInvocationHelper.java:133)
at org.testng.internal.TestInvoker.invokeMethod(TestInvoker.java:598)
at org.testng.internal.TestInvoker.invokeTestMethod(TestInvoker.java:173)
at org.testng.internal.MethodRunner.runInSequence(MethodRunner.java:46)
at org.testng.internal.TestInvoker$MethodInvocationAgent.invoke(TestInvoker.java:824)
at org.testng.internal.TestInvoker.invokeTestMethods(TestInvoker.java:146)
at org.testng.internal.TestMethodWorker.invokeTestMethods(TestMethodWorker.java:146)
at org.testng.internal.TestMethodWorker.run(TestMethodWorker.java:128)
at java.util.ArrayList.forEach(Unknown Source)
at org.testng.TestRunner.privateRun(TestRunner.java:794)
at org.testng.TestRunner.run(TestRunner.java:596)
at org.testng.SuiteRunner.runTest(SuiteRunner.java:377)
at org.testng.SuiteRunner.runSequentially(SuiteRunner.java:371)
at org.testng.SuiteRunner.privateRun(SuiteRunner.java:332)
at org.testng.SuiteRunner.run(SuiteRunner.java:276)
at org.testng.SuiteRunnerWorker.runSuite(SuiteRunnerWorker.java:53)
at org.testng.SuiteRunnerWorker.run(SuiteRunnerWorker.java:96)
at org.testng.TestNG.runSuitesSequentially(TestNG.java:1212)
at org.testng.TestNG.runSuitesLocally(TestNG.java:1134)
at org.testng.TestNG.runSuites(TestNG.java:1063)
at org.testng.TestNG.run(TestNG.java:1031)
at org.testng.remote.AbstractRemoteTestNG.run(AbstractRemoteTestNG.java:115)
at org.testng.remote.RemoteTestNG.initAndRun(RemoteTestNG.java:251)
at org.testng.remote.RemoteTestNG.main(RemoteTestNG.java:77)
]]>
            </full-stacktrace>
          </exception> <!-- java.io.FileNotFoundException -->
          <reporter-output>
          </reporter-output>
        </test-method> <!-- logiFunctionality -->
        <test-method status="PASS" signature="end()[pri:0, instance:com.orangehrm.TestClasses.Tc01loginfuctionality@1990a65e]" name="end" is-config="true" duration-ms="785" started-at="2022-04-15T12:25:29 IST" finished-at="2022-04-15T12:25:30 IST">
          <reporter-output>
          </reporter-output>
        </test-method> <!-- end -->
      </class> <!-- com.orangehrm.TestClasses.Tc01loginfuctionality -->
    </test> <!-- chromeTest -->
    <test name="firefoxTest" duration-ms="43660" started-at="2022-04-15T12:25:30 IST" finished-at="2022-04-15T12:26:14 IST">
      <class name="com.orangehrm.TestClasses.Tc01loginfuctionality">
        <test-method status="PASS" signature="set()[pri:0, instance:com.orangehrm.TestClasses.Tc01loginfuctionality@24b1d79b]" name="set" is-config="true" duration-ms="31368" started-at="2022-04-15T12:25:30 IST" finished-at="2022-04-15T12:26:01 IST">
          <reporter-output>
          </reporter-output>
        </test-method> <!-- set -->
        <test-method status="PASS" signature="visibleUsertab()[pri:1, instance:com.orangehrm.TestClasses.Tc01loginfuctionality@24b1d79b]" name="visibleUsertab" duration-ms="37" started-at="2022-04-15T12:26:01 IST" finished-at="2022-04-15T12:26:01 IST">
          <reporter-output>
          </reporter-output>
        </test-method> <!-- visibleUsertab -->
        <test-method status="PASS" signature="visiblepasswordtab()[pri:2, instance:com.orangehrm.TestClasses.Tc01loginfuctionality@24b1d79b]" name="visiblepasswordtab" duration-ms="34" started-at="2022-04-15T12:26:01 IST" finished-at="2022-04-15T12:26:01 IST">
          <reporter-output>
          </reporter-output>
        </test-method> <!-- visiblepasswordtab -->
        <test-method status="PASS" signature="visibleLoginTab()[pri:3, instance:com.orangehrm.TestClasses.Tc01loginfuctionality@24b1d79b]" name="visibleLoginTab" duration-ms="30" started-at="2022-04-15T12:26:01 IST" finished-at="2022-04-15T12:26:01 IST">
          <reporter-output>
          </reporter-output>
        </test-method> <!-- visibleLoginTab -->
        <test-method status="PASS" signature="visibleForgotTab()[pri:4, instance:com.orangehrm.TestClasses.Tc01loginfuctionality@24b1d79b]" name="visibleForgotTab" duration-ms="38" started-at="2022-04-15T12:26:01 IST" finished-at="2022-04-15T12:26:01 IST">
          <reporter-output>
          </reporter-output>
        </test-method> <!-- visibleForgotTab -->
        <test-method status="PASS" signature="visibleOrangHRMTab()[pri:5, instance:com.orangehrm.TestClasses.Tc01loginfuctionality@24b1d79b]" name="visibleOrangHRMTab" duration-ms="36" started-at="2022-04-15T12:26:01 IST" finished-at="2022-04-15T12:26:01 IST">
          <reporter-output>
          </reporter-output>
        </test-method> <!-- visibleOrangHRMTab -->
        <test-method status="PASS" signature="forgotpassClickabl()[pri:6, instance:com.orangehrm.TestClasses.Tc01loginfuctionality@24b1d79b]" name="forgotpassClickabl" duration-ms="1188" started-at="2022-04-15T12:26:01 IST" finished-at="2022-04-15T12:26:03 IST">
          <reporter-output>
          </reporter-output>
        </test-method> <!-- forgotpassClickabl -->
        <test-method status="FAIL" signature="logiFunctionality()[pri:7, instance:com.orangehrm.TestClasses.Tc01loginfuctionality@24b1d79b]" name="logiFunctionality" duration-ms="10163" started-at="2022-04-15T12:26:03 IST" finished-at="2022-04-15T12:26:13 IST">
          <exception class="java.io.FileNotFoundException">
            <message>
              <![CDATA[C:\Users\91848\eclipse-workspace\OrangeHRM\ScreenShot\orangeHRMFri Apr 15 12-26-13 IST 2022.jpg (The system cannot find the path specified)]]>
            </message>
            <full-stacktrace>
              <![CDATA[java.io.FileNotFoundException: C:\Users\91848\eclipse-workspace\OrangeHRM\ScreenShot\orangeHRMFri Apr 15 12-26-13 IST 2022.jpg (The system cannot find the path specified)
at java.io.FileOutputStream.open0(Native Method)
at java.io.FileOutputStream.open(Unknown Source)
at java.io.FileOutputStream.<init>(Unknown Source)
at java.io.FileOutputStream.<init>(Unknown Source)
at org.openqa.selenium.io.FileHandler.copyFile(FileHandler.java:136)
at org.openqa.selenium.io.FileHandler.copy(FileHandler.java:115)
at com.orangehrm.Utilityclass.ScreenShotUtility.ScreenShot(ScreenShotUtility.java:19)
at com.orangehrm.TestClasses.Tc01loginfuctionality.logiFunctionality(Tc01loginfuctionality.java:79)
at sun.reflect.NativeMethodAccessorImpl.invoke0(Native Method)
at sun.reflect.NativeMethodAccessorImpl.invoke(Unknown Source)
at sun.reflect.DelegatingMethodAccessorImpl.invoke(Unknown Source)
at java.lang.reflect.Method.invoke(Unknown Source)
at org.testng.internal.MethodInvocationHelper.invokeMethod(MethodInvocationHelper.java:133)
at org.testng.internal.TestInvoker.invokeMethod(TestInvoker.java:598)
at org.testng.internal.TestInvoker.invokeTestMethod(TestInvoker.java:173)
at org.testng.internal.MethodRunner.runInSequence(MethodRunner.java:46)
at org.testng.internal.TestInvoker$MethodInvocationAgent.invoke(TestInvoker.java:824)
at org.testng.internal.TestInvoker.invokeTestMethods(TestInvoker.java:146)
at org.testng.internal.TestMethodWorker.invokeTestMethods(TestMethodWorker.java:146)
at org.testng.internal.TestMethodWorker.run(TestMethodWorker.java:128)
at java.util.ArrayList.forEach(Unknown Source)
at org.testng.TestRunner.privateRun(TestRunner.java:794)
at org.testng.TestRunner.run(TestRunner.java:596)
at org.testng.SuiteRunner.runTest(SuiteRunner.java:377)
at org.testng.SuiteRunner.runSequentially(SuiteRunner.java:371)
at org.testng.SuiteRunner.privateRun(SuiteRunner.java:332)
at org.testng.SuiteRunner.run(SuiteRunner.java:276)
at org.testng.SuiteRunnerWorker.runSuite(SuiteRunnerWorker.java:53)
at org.testng.SuiteRunnerWorker.run(SuiteRunnerWorker.java:96)
at org.testng.TestNG.runSuitesSequentially(TestNG.java:1212)
at org.testng.TestNG.runSuitesLocally(TestNG.java:1134)
at org.testng.TestNG.runSuites(TestNG.java:1063)
at org.testng.TestNG.run(TestNG.java:1031)
at org.testng.remote.AbstractRemoteTestNG.run(AbstractRemoteTestNG.java:115)
at org.testng.remote.RemoteTestNG.initAndRun(RemoteTestNG.java:251)
at org.testng.remote.RemoteTestNG.main(RemoteTestNG.java:77)
]]>
            </full-stacktrace>
          </exception> <!-- java.io.FileNotFoundException -->
          <reporter-output>
          </reporter-output>
        </test-method> <!-- logiFunctionality -->
        <test-method status="PASS" signature="end()[pri:0, instance:com.orangehrm.TestClasses.Tc01loginfuctionality@24b1d79b]" name="end" is-config="true" duration-ms="751" started-at="2022-04-15T12:26:13 IST" finished-at="2022-04-15T12:26:14 IST">
          <reporter-output>
          </reporter-output>
        </test-method> <!-- end -->
      </class> <!-- com.orangehrm.TestClasses.Tc01loginfuctionality -->
    </test> <!-- firefoxTest -->
  </suite> <!-- Suite -->
</testng-results>
