<?xml version="1.0" encoding="UTF-8"?>
<!-- Generated by org.testng.reporters.JUnitReportReporter -->
<testsuite skipped="0" hostname="Dell" name="com.orangehrm.TestClasses.Tc01loginfuctionality" tests="14" failures="0" timestamp="2022-04-15T12:26:14 IST" time="21.211" errors="2">
  <testcase name="visibleUsertab" time="0.037" classname="com.orangehrm.TestClasses.Tc01loginfuctionality"/>
  <system-out/>
  <testcase name="visibleUsertab" time="0.140" classname="com.orangehrm.TestClasses.Tc01loginfuctionality"/>
  <system-out/>
  <testcase name="visiblepasswordtab" time="0.037" classname="com.orangehrm.TestClasses.Tc01loginfuctionality"/>
  <system-out/>
  <testcase name="visiblepasswordtab" time="0.034" classname="com.orangehrm.TestClasses.Tc01loginfuctionality"/>
  <system-out/>
  <testcase name="visibleLoginTab" time="0.030" classname="com.orangehrm.TestClasses.Tc01loginfuctionality"/>
  <system-out/>
  <testcase name="visibleLoginTab" time="0.032" classname="com.orangehrm.TestClasses.Tc01loginfuctionality"/>
  <system-out/>
  <testcase name="visibleForgotTab" time="0.038" classname="com.orangehrm.TestClasses.Tc01loginfuctionality"/>
  <system-out/>
  <testcase name="visibleForgotTab" time="0.032" classname="com.orangehrm.TestClasses.Tc01loginfuctionality"/>
  <system-out/>
  <testcase name="visibleOrangHRMTab" time="0.037" classname="com.orangehrm.TestClasses.Tc01loginfuctionality"/>
  <system-out/>
  <testcase name="visibleOrangHRMTab" time="0.036" classname="com.orangehrm.TestClasses.Tc01loginfuctionality"/>
  <system-out/>
  <testcase name="forgotpassClickabl" time="1.031" classname="com.orangehrm.TestClasses.Tc01loginfuctionality"/>
  <system-out/>
  <testcase name="forgotpassClickabl" time="1.188" classname="com.orangehrm.TestClasses.Tc01loginfuctionality"/>
  <system-out/>
  <testcase name="logiFunctionality" time="10.163" classname="com.orangehrm.TestClasses.Tc01loginfuctionality">
    <error type="java.io.FileNotFoundException" message="C:\Users\91848\eclipse-workspace\OrangeHRM\ScreenShot\orangeHRMFri Apr 15 12-26-13 IST 2022.jpg (The system cannot find the path specified)">
      <![CDATA[java.io.FileNotFoundException: C:\Users\91848\eclipse-workspace\OrangeHRM\ScreenShot\orangeHRMFri Apr 15 12-26-13 IST 2022.jpg (The system cannot find the path specified)
at java.io.FileOutputStream.open0(Native Method)
at java.io.FileOutputStream.open(Unknown Source)
at java.io.FileOutputStream.<init>(Unknown Source)
at java.io.FileOutputStream.<init>(Unknown Source)
at org.openqa.selenium.io.FileHandler.copyFile(FileHandler.java:136)
at org.openqa.selenium.io.FileHandler.copy(FileHandler.java:115)
at com.orangehrm.Utilityclass.ScreenShotUtility.ScreenShot(ScreenShotUtility.java:19)
at com.orangehrm.TestClasses.Tc01loginfuctionality.logiFunctionality(Tc01loginfuctionality.java:79)
at sun.reflect.NativeMethodAccessorImpl.invoke0(Native Method)
at sun.reflect.NativeMethodAccessorImpl.invoke(Unknown Source)
at sun.reflect.DelegatingMethodAccessorImpl.invoke(Unknown Source)
at java.lang.reflect.Method.invoke(Unknown Source)
at org.testng.internal.MethodInvocationHelper.invokeMethod(MethodInvocationHelper.java:133)
at org.testng.internal.TestInvoker.invokeMethod(TestInvoker.java:598)
at org.testng.internal.TestInvoker.invokeTestMethod(TestInvoker.java:173)
at org.testng.internal.MethodRunner.runInSequence(MethodRunner.java:46)
at org.testng.internal.TestInvoker$MethodInvocationAgent.invoke(TestInvoker.java:824)
at org.testng.internal.TestInvoker.invokeTestMethods(TestInvoker.java:146)
at org.testng.internal.TestMethodWorker.invokeTestMethods(TestMethodWorker.java:146)
at org.testng.internal.TestMethodWorker.run(TestMethodWorker.java:128)
at java.util.ArrayList.forEach(Unknown Source)
at org.testng.TestRunner.privateRun(TestRunner.java:794)
at org.testng.TestRunner.run(TestRunner.java:596)
at org.testng.SuiteRunner.runTest(SuiteRunner.java:377)
at org.testng.SuiteRunner.runSequentially(SuiteRunner.java:371)
at org.testng.SuiteRunner.privateRun(SuiteRunner.java:332)
at org.testng.SuiteRunner.run(SuiteRunner.java:276)
at org.testng.SuiteRunnerWorker.runSuite(SuiteRunnerWorker.java:53)
at org.testng.SuiteRunnerWorker.run(SuiteRunnerWorker.java:96)
at org.testng.TestNG.runSuitesSequentially(TestNG.java:1212)
at org.testng.TestNG.runSuitesLocally(TestNG.java:1134)
at org.testng.TestNG.runSuites(TestNG.java:1063)
at org.testng.TestNG.run(TestNG.java:1031)
at org.testng.remote.AbstractRemoteTestNG.run(AbstractRemoteTestNG.java:115)
at org.testng.remote.RemoteTestNG.initAndRun(RemoteTestNG.java:251)
at org.testng.remote.RemoteTestNG.main(RemoteTestNG.java:77)
]]>
    </error>
  </testcase> <!-- logiFunctionality -->
  <system-out/>
  <testcase name="logiFunctionality" time="8.376" classname="com.orangehrm.TestClasses.Tc01loginfuctionality">
    <error type="java.io.FileNotFoundException" message="C:\Users\91848\eclipse-workspace\OrangeHRM\ScreenShot\orangeHRMFri Apr 15 12-25-29 IST 2022.jpg (The system cannot find the path specified)">
      <![CDATA[java.io.FileNotFoundException: C:\Users\91848\eclipse-workspace\OrangeHRM\ScreenShot\orangeHRMFri Apr 15 12-25-29 IST 2022.jpg (The system cannot find the path specified)
at java.io.FileOutputStream.open0(Native Method)
at java.io.FileOutputStream.open(Unknown Source)
at java.io.FileOutputStream.<init>(Unknown Source)
at java.io.FileOutputStream.<init>(Unknown Source)
at org.openqa.selenium.io.FileHandler.copyFile(FileHandler.java:136)
at org.openqa.selenium.io.FileHandler.copy(FileHandler.java:115)
at com.orangehrm.Utilityclass.ScreenShotUtility.ScreenShot(ScreenShotUtility.java:19)
at com.orangehrm.TestClasses.Tc01loginfuctionality.logiFunctionality(Tc01loginfuctionality.java:79)
at sun.reflect.NativeMethodAccessorImpl.invoke0(Native Method)
at sun.reflect.NativeMethodAccessorImpl.invoke(Unknown Source)
at sun.reflect.DelegatingMethodAccessorImpl.invoke(Unknown Source)
at java.lang.reflect.Method.invoke(Unknown Source)
at org.testng.internal.MethodInvocationHelper.invokeMethod(MethodInvocationHelper.java:133)
at org.testng.internal.TestInvoker.invokeMethod(TestInvoker.java:598)
at org.testng.internal.TestInvoker.invokeTestMethod(TestInvoker.java:173)
at org.testng.internal.MethodRunner.runInSequence(MethodRunner.java:46)
at org.testng.internal.TestInvoker$MethodInvocationAgent.invoke(TestInvoker.java:824)
at org.testng.internal.TestInvoker.invokeTestMethods(TestInvoker.java:146)
at org.testng.internal.TestMethodWorker.invokeTestMethods(TestMethodWorker.java:146)
at org.testng.internal.TestMethodWorker.run(TestMethodWorker.java:128)
at java.util.ArrayList.forEach(Unknown Source)
at org.testng.TestRunner.privateRun(TestRunner.java:794)
at org.testng.TestRunner.run(TestRunner.java:596)
at org.testng.SuiteRunner.runTest(SuiteRunner.java:377)
at org.testng.SuiteRunner.runSequentially(SuiteRunner.java:371)
at org.testng.SuiteRunner.privateRun(SuiteRunner.java:332)
at org.testng.SuiteRunner.run(SuiteRunner.java:276)
at org.testng.SuiteRunnerWorker.runSuite(SuiteRunnerWorker.java:53)
at org.testng.SuiteRunnerWorker.run(SuiteRunnerWorker.java:96)
at org.testng.TestNG.runSuitesSequentially(TestNG.java:1212)
at org.testng.TestNG.runSuitesLocally(TestNG.java:1134)
at org.testng.TestNG.runSuites(TestNG.java:1063)
at org.testng.TestNG.run(TestNG.java:1031)
at org.testng.remote.AbstractRemoteTestNG.run(AbstractRemoteTestNG.java:115)
at org.testng.remote.RemoteTestNG.initAndRun(RemoteTestNG.java:251)
at org.testng.remote.RemoteTestNG.main(RemoteTestNG.java:77)
]]>
    </error>
  </testcase> <!-- logiFunctionality -->
  <system-out/>
</testsuite> <!-- com.orangehrm.TestClasses.Tc01loginfuctionality -->
